<?xml version="1.0" encoding="UTF-8"?>
<!-- Generated by org.testng.reporters.JUnitReportReporter -->
<testsuite hostname="ELW5240" failures="0" tests="2" name="Pk1.TestNGExampleTest" time="10.800" errors="0" timestamp="27 Sep 2022 08:44:08 GMT" skipped="0">
  <testcase classname="Pk1.TestNGExampleTest" name="testCase2" time="4.157"/>
  <testcase classname="Pk1.TestNGExampleTest" name="testCase1" time="6.643"/>
</testsuite> <!-- Pk1.TestNGExampleTest -->
