<?xml version="1.0" encoding="UTF-8"?>
<!-- Generated by org.testng.reporters.JUnitReportReporter -->
<testsuite hostname="ELW5240" failures="0" tests="1" name="stepdefinations.facebookk" time="5.050" errors="0" timestamp="27 Sep 2022 14:51:05 GMT" skipped="0">
  <testcase classname="stepdefinations.facebookk" name="f" time="5.050"/>
</testsuite> <!-- stepdefinations.facebookk -->
