<?xml version="1.0" encoding="UTF-8"?>
<!-- Generated by org.testng.reporters.JUnitReportReporter -->
<testsuite hostname="ELW5240" failures="0" tests="1" name="Pk1.NewTest" time="0.004" errors="0" timestamp="26 Sep 2022 11:01:00 GMT" skipped="0">
  <testcase classname="Pk1.NewTest" name="f" time="0.004"/>
</testsuite> <!-- Pk1.NewTest -->
