<?xml version="1.0" encoding="UTF-8"?>
<!-- Generated by org.testng.reporters.JUnitReportReporter -->
<testsuite hostname="ELW5240" failures="0" tests="2" name="Pk1.TestNGExampleTest" time="0.010" errors="0" timestamp="26 Sep 2022 10:02:35 GMT" skipped="0">
  <testcase classname="Pk1.TestNGExampleTest" name="testCase1" time="0.008"/>
  <testcase classname="Pk1.TestNGExampleTest" name="testCase2" time="0.002"/>
</testsuite> <!-- Pk1.TestNGExampleTest -->
