<?xml version="1.0" encoding="UTF-8"?>
<!-- Generated by org.testng.reporters.JUnitReportReporter -->
<testsuite hostname="ELW5240" failures="0" tests="2" name="testng.HRMApplyeLeave" time="10.424" errors="0" timestamp="07 Oct 2022 09:58:44 GMT" skipped="0">
  <testcase classname="testng.HRMApplyeLeave" name="Login" time="5.480"/>
  <testcase classname="testng.HRMApplyeLeave" name="applyLeave" time="4.944"/>
</testsuite> <!-- testng.HRMApplyeLeave -->
