<?xml version="1.0" encoding="UTF-8"?>
<!-- Generated by org.testng.reporters.JUnitReportReporter -->
<testsuite hostname="ELW5240" failures="0" tests="3" name="testng.HRMLogin" time="12.238" errors="0" timestamp="07 Oct 2022 09:53:27 GMT" skipped="0">
  <testcase classname="testng.HRMLogin" name="Login" time="5.334"/>
  <testcase classname="testng.HRMLogin" name="search" time="4.904"/>
  <testcase classname="testng.HRMLogin" name="search" time="2.000"/>
</testsuite> <!-- testng.HRMLogin -->
